<?xml version="1.0" encoding="UTF-8"?>
<testsuite xmlns:xsi="http://www.w3.org/2001/XMLSchema-instance" xsi:noNamespaceSchemaLocation="https://maven.apache.org/surefire/maven-surefire-plugin/xsd/surefire-test-report-3.0.xsd" version="3.0" name="com.example.workflow.Repositories.ContratStepEntryDateRepositoryTest" time="8.892" tests="1" errors="0" skipped="0" failures="0">
  <properties>
[...]
</properties>
  <testcase name="getting" classname="com.example.workflow.Repositories.ContratStepEntryDateRepositoryTest" time="0.694">
    <system-out><![CDATA[09:52:53.684 [main] INFO org.springframework.test.context.support.AnnotationConfigContextLoaderUtils -- Could not detect default configuration classes for test class [com.example.workflow.Repositories.ContratStepEntryDateRepositoryTest]: ContratStepEntryDateRepositoryTest does not declare any static, non-private, non-final, nested classes annotated with @Configuration.
09:52:53.813 [main] INFO org.springframework.boot.test.context.SpringBootTestContextBootstrapper -- Found @SpringBootConfiguration com.example.workflow.WorkflowApplication for test class com.example.workflow.Repositories.ContratStepEntryDateRepositoryTest
09:52:53.999 [main] INFO org.springframework.boot.devtools.restart.RestartApplicationListener -- Restart disabled due to context in which it is running

  .   ____          _            __ _ _
 /\\ / ___'_ __ _ _(_)_ __  __ _ \ \ \ \
( ( )\___ | '_ | '_| | '_ \/ _` | \ \ \ \
 \\/  ___)| |_)| | | | | || (_| |  ) ) ) )
  '  |____| .__|_| |_|_| |_\__, | / / / /
 =========|_|==============|___/=/_/_/_/
 :: Spring Boot ::                (v3.1.5)

2024-01-04T09:52:54.243+01:00  INFO 13592 --- [           main] e.w.R.ContratStepEntryDateRepositoryTest : Starting ContratStepEntryDateRepositoryTest using Java 17.0.9 with PID 13592 (started by aaouad in D:\CID\WORKFLOW\CS\CsWorkflowApi)
2024-01-04T09:52:54.244+01:00  INFO 13592 --- [           main] e.w.R.ContratStepEntryDateRepositoryTest : No active profile set, falling back to 1 default profile: "default"
2024-01-04T09:52:55.344+01:00  INFO 13592 --- [           main] .s.d.r.c.RepositoryConfigurationDelegate : Bootstrapping Spring Data JPA repositories in DEFAULT mode.
2024-01-04T09:52:55.428+01:00  INFO 13592 --- [           main] .s.d.r.c.RepositoryConfigurationDelegate : Finished Spring Data repository scanning in 75 ms. Found 11 JPA repository interfaces.
2024-01-04T09:52:56.060+01:00  INFO 13592 --- [           main] o.hibernate.jpa.internal.util.LogHelper  : HHH000204: Processing PersistenceUnitInfo [name: default]
2024-01-04T09:52:56.168+01:00  INFO 13592 --- [           main] org.hibernate.Version                    : HHH000412: Hibernate ORM core version 6.2.13.Final
2024-01-04T09:52:56.172+01:00  INFO 13592 --- [           main] org.hibernate.cfg.Environment            : HHH000406: Using bytecode reflection optimizer
2024-01-04T09:52:56.596+01:00  INFO 13592 --- [           main] o.s.o.j.p.SpringPersistenceUnitInfo      : No LoadTimeWeaver setup: ignoring JPA class transformer
2024-01-04T09:52:56.633+01:00  INFO 13592 --- [           main] com.zaxxer.hikari.HikariDataSource       : HikariPool-1 - Starting...
2024-01-04T09:52:56.887+01:00  INFO 13592 --- [           main] com.zaxxer.hikari.pool.HikariPool        : HikariPool-1 - Added connection org.postgresql.jdbc.PgConnection@12d44a2a
2024-01-04T09:52:56.888+01:00  INFO 13592 --- [           main] com.zaxxer.hikari.HikariDataSource       : HikariPool-1 - Start completed.
2024-01-04T09:52:58.282+01:00  INFO 13592 --- [           main] o.h.e.t.j.p.i.JtaPlatformInitiator       : HHH000489: No JTA platform available (set 'hibernate.transaction.jta.platform' to enable JTA platform integration)
2024-01-04T09:52:58.450+01:00  INFO 13592 --- [           main] j.LocalContainerEntityManagerFactoryBean : Initialized JPA EntityManagerFactory for persistence unit 'default'
2024-01-04T09:52:58.920+01:00  INFO 13592 --- [           main] o.s.d.j.r.query.QueryEnhancerFactory     : Hibernate is in classpath; If applicable, HQL parser will be used.
2024-01-04T09:52:59.887+01:00  WARN 13592 --- [           main] JpaBaseConfiguration$JpaWebConfiguration : spring.jpa.open-in-view is enabled by default. Therefore, database queries may be performed during view rendering. Explicitly configure spring.jpa.open-in-view to disable this warning
2024-01-04T09:53:00.092+01:00  INFO 13592 --- [           main] o.s.s.web.DefaultSecurityFilterChain     : Will secure any request with [org.springframework.security.web.session.DisableEncodeUrlFilter@71da8575, org.springframework.security.web.context.request.async.WebAsyncManagerIntegrationFilter@620bfd8c, org.springframework.security.web.context.SecurityContextHolderFilter@4353146f, org.springframework.security.web.header.HeaderWriterFilter@154c4f66, org.springframework.web.filter.CorsFilter@73f937d9, org.springframework.security.web.authentication.logout.LogoutFilter@5623354e, com.example.workflow.Configuration.JwtAuthenticationFilter@7614beba, org.springframework.security.web.savedrequest.RequestCacheAwareFilter@6fefaeba, org.springframework.security.web.servletapi.SecurityContextHolderAwareRequestFilter@5c501f62, org.springframework.security.web.authentication.AnonymousAuthenticationFilter@65bd41d8, org.springframework.security.web.session.SessionManagementFilter@67eb43a0, org.springframework.security.web.access.ExceptionTranslationFilter@62edf11e, org.springframework.security.web.access.intercept.AuthorizationFilter@22479830]
2024-01-04T09:53:01.429+01:00  INFO 13592 --- [           main] o.s.b.a.e.web.EndpointLinksResolver      : Exposing 1 endpoint(s) beneath base path '/actuator'
2024-01-04T09:53:01.512+01:00  INFO 13592 --- [           main] e.w.R.ContratStepEntryDateRepositoryTest : Started ContratStepEntryDateRepositoryTest in 7.525 seconds (process running for 8.957)
]]></system-out>
  </testcase>
</testsuite>